2018-03-27 18:27:24 INFO  Main:14 - Service Execution is starting
2018-03-27 18:27:25 DEBUG RequestAddCookies:123 - CookieSpec selected: default
2018-03-27 18:27:25 DEBUG RequestAuthCache:77 - Auth cache not set in the context
2018-03-27 18:27:25 DEBUG PoolingHttpClientConnectionManager:255 - Connection request: [route: {}->http://172.29.79.120:8082][total kept alive: 0; route allocated: 0 of 2; total allocated: 0 of 20]
2018-03-27 18:27:25 DEBUG PoolingHttpClientConnectionManager:288 - Connection leased: [id: 0][route: {}->http://172.29.79.120:8082][total kept alive: 0; route allocated: 1 of 2; total allocated: 1 of 20]
2018-03-27 18:27:25 DEBUG MainClientExec:235 - Opening connection {}->http://172.29.79.120:8082
2018-03-27 18:27:25 DEBUG DefaultHttpClientConnectionOperator:139 - Connecting to /172.29.79.120:8082
2018-03-27 18:27:25 DEBUG DefaultHttpClientConnectionOperator:146 - Connection established 10.150.157.230:51789<->172.29.79.120:8082
2018-03-27 18:27:25 DEBUG MainClientExec:256 - Executing request POST /das/adex/reporting/countrywise HTTP/1.1
2018-03-27 18:27:25 DEBUG MainClientExec:261 - Target auth state: UNCHALLENGED
2018-03-27 18:27:25 DEBUG MainClientExec:267 - Proxy auth state: UNCHALLENGED
2018-03-27 18:27:25 DEBUG headers:133 - http-outgoing-0 >> POST /das/adex/reporting/countrywise HTTP/1.1
2018-03-27 18:27:25 DEBUG headers:136 - http-outgoing-0 >> Content-Type: application/json; charset=UTF-8
2018-03-27 18:27:25 DEBUG headers:136 - http-outgoing-0 >> Content-Length: 75
2018-03-27 18:27:25 DEBUG headers:136 - http-outgoing-0 >> Host: 172.29.79.120:8082
2018-03-27 18:27:25 DEBUG headers:136 - http-outgoing-0 >> Connection: Keep-Alive
2018-03-27 18:27:25 DEBUG headers:136 - http-outgoing-0 >> User-Agent: Apache-HttpClient/4.5.3 (Java/1.8.0_131)
2018-03-27 18:27:25 DEBUG headers:136 - http-outgoing-0 >> Accept-Encoding: gzip,deflate
2018-03-27 18:27:25 DEBUG wire:73 - http-outgoing-0 >> "POST /das/adex/reporting/countrywise HTTP/1.1[\r][\n]"
2018-03-27 18:27:25 DEBUG wire:73 - http-outgoing-0 >> "Content-Type: application/json; charset=UTF-8[\r][\n]"
2018-03-27 18:27:25 DEBUG wire:73 - http-outgoing-0 >> "Content-Length: 75[\r][\n]"
2018-03-27 18:27:25 DEBUG wire:73 - http-outgoing-0 >> "Host: 172.29.79.120:8082[\r][\n]"
2018-03-27 18:27:25 DEBUG wire:73 - http-outgoing-0 >> "Connection: Keep-Alive[\r][\n]"
2018-03-27 18:27:25 DEBUG wire:73 - http-outgoing-0 >> "User-Agent: Apache-HttpClient/4.5.3 (Java/1.8.0_131)[\r][\n]"
2018-03-27 18:27:25 DEBUG wire:73 - http-outgoing-0 >> "Accept-Encoding: gzip,deflate[\r][\n]"
2018-03-27 18:27:25 DEBUG wire:73 - http-outgoing-0 >> "[\r][\n]"
2018-03-27 18:27:25 DEBUG wire:87 - http-outgoing-0 >> "{ "startDate":"2018-03-25"  , "endDate":"2018-03-25", "country_code": "IN"}"
2018-03-27 18:27:25 DEBUG wire:73 - http-outgoing-0 << "HTTP/1.1 200 OK[\r][\n]"
2018-03-27 18:27:25 DEBUG wire:73 - http-outgoing-0 << "Server: Apache-Coyote/1.1[\r][\n]"
2018-03-27 18:27:25 DEBUG wire:73 - http-outgoing-0 << "X-Content-Type-Options: nosniff[\r][\n]"
2018-03-27 18:27:25 DEBUG wire:73 - http-outgoing-0 << "X-XSS-Protection: 1; mode=block[\r][\n]"
2018-03-27 18:27:25 DEBUG wire:73 - http-outgoing-0 << "Cache-Control: no-cache, no-store, max-age=0, must-revalidate[\r][\n]"
2018-03-27 18:27:25 DEBUG wire:73 - http-outgoing-0 << "Pragma: no-cache[\r][\n]"
2018-03-27 18:27:25 DEBUG wire:73 - http-outgoing-0 << "Expires: 0[\r][\n]"
2018-03-27 18:27:25 DEBUG wire:73 - http-outgoing-0 << "X-Frame-Options: DENY[\r][\n]"
2018-03-27 18:27:25 DEBUG wire:73 - http-outgoing-0 << "X-Application-Context: application:8082[\r][\n]"
2018-03-27 18:27:25 DEBUG wire:73 - http-outgoing-0 << "Content-Type: application/json;charset=UTF-8[\r][\n]"
2018-03-27 18:27:25 DEBUG wire:73 - http-outgoing-0 << "Transfer-Encoding: chunked[\r][\n]"
2018-03-27 18:27:25 DEBUG wire:73 - http-outgoing-0 << "Date: Tue, 27 Mar 2018 12:57:25 GMT[\r][\n]"
2018-03-27 18:27:25 DEBUG wire:73 - http-outgoing-0 << "[\r][\n]"
2018-03-27 18:27:25 DEBUG headers:122 - http-outgoing-0 << HTTP/1.1 200 OK
2018-03-27 18:27:25 DEBUG headers:125 - http-outgoing-0 << Server: Apache-Coyote/1.1
2018-03-27 18:27:25 DEBUG headers:125 - http-outgoing-0 << X-Content-Type-Options: nosniff
2018-03-27 18:27:25 DEBUG headers:125 - http-outgoing-0 << X-XSS-Protection: 1; mode=block
2018-03-27 18:27:25 DEBUG headers:125 - http-outgoing-0 << Cache-Control: no-cache, no-store, max-age=0, must-revalidate
2018-03-27 18:27:25 DEBUG headers:125 - http-outgoing-0 << Pragma: no-cache
2018-03-27 18:27:25 DEBUG headers:125 - http-outgoing-0 << Expires: 0
2018-03-27 18:27:25 DEBUG headers:125 - http-outgoing-0 << X-Frame-Options: DENY
2018-03-27 18:27:25 DEBUG headers:125 - http-outgoing-0 << X-Application-Context: application:8082
2018-03-27 18:27:25 DEBUG headers:125 - http-outgoing-0 << Content-Type: application/json;charset=UTF-8
2018-03-27 18:27:25 DEBUG headers:125 - http-outgoing-0 << Transfer-Encoding: chunked
2018-03-27 18:27:25 DEBUG headers:125 - http-outgoing-0 << Date: Tue, 27 Mar 2018 12:57:25 GMT
2018-03-27 18:27:25 DEBUG MainClientExec:285 - Connection can be kept alive indefinitely
2018-03-27 18:27:25 DEBUG DasService:59 - HTTP Request sent
2018-03-27 18:27:25 DEBUG wire:73 - http-outgoing-0 << "2000[\r][\n]"
2018-03-27 18:27:25 DEBUG wire:87 - http-outgoing-0 << "{"responseCode":200,"status":"OK","message":null,"response":{"result":[{"date":"25-03-2018","ad_requests_coverage":0.0,"country_code":"IN","earnings":0.0,"dfp_ad_units":"7176 [0xc2][0xbb] Test_Tracker_CTN [0xc2][0xbb] DFP_CTN_DUMMY_TRACKER [0xc2][0xbb] ADX_CTN_ES_HP_Mweb_Native_CTN","clicks":0,"ad_impressions":0,"ad_requests":39230},{"date":"25-03-2018","ad_requests_coverage":0.0,"country_code":"IN","earnings":0.0,"dfp_ad_units":"7176 [0xc2][0xbb] Test_Tracker_CTN [0xc2][0xbb] DFP_CTN_DUMMY_TRACKER [0xc2][0xbb] ADX_CTN_GN_ROS_AL_Mweb_Native_CTN","clicks":0,"ad_impressions":0,"ad_requests":722},{"date":"25-03-2018","ad_requests_coverage":0.3448,"country_code":"IN","earnings":2.88,"dfp_ad_units":"7176 [0xc2][0xbb] Test_Tracker_CTN [0xc2][0xbb] DFP_CTN_DUMMY_TRACKER [0xc2][0xbb] ADX_CTN_IT_Mweb_Native_CTN","clicks":44,"ad_impressions":23694,"ad_requests":93000},{"date":"25-03-2018","ad_requests_coverage":0.0,"country_code":"IN","earnings":0.0,"dfp_ad_units":"7176 [0xc2][0xbb] Test_Tracker_CTN [0xc2][0xbb] DFP_CTN_DUMMY_TRACKER [0xc2][0xbb] ADX_CTN_MLM_HP_Mweb_Native_CTN","clicks":0,"ad_impressions":0,"ad_requests":1672},{"date":"25-03-2018","ad_requests_coverage":0.8102,"country_code":"IN","earnings":0.11,"dfp_ad_units":"7176 [0xc2][0xbb] Test_Tracker_CTN [0xc2][0xbb] DFP_CTN_DUMMY_TRACKER [0xc2][0xbb] ADX_CTN_MM_ROS_MAL_Mweb_Native_CTN","clicks":2,"ad_impressions":773,"ad_requests":1043},{"date":"25-03-2018","ad_requests_coverage":0.0057,"country_code":"IN","earnings":0.06,"dfp_ad_units":"7176 [0xc2][0xbb] Test_Tracker_CTN [0xc2][0xbb] DFP_CTN_DUMMY_TRACKER [0xc2][0xbb] ADX_CTN_MT_ROS_AL_Mweb_Native_ctn","clicks":0,"ad_impressions":511,"ad_requests":113544},{"date":"25-03-2018","ad_requests_coverage":0.0135,"country_code":"IN","earnings":0.12,"dfp_ad_units":"7176 [0xc2][0xbb] Test_Tracker_CTN [0xc2][0xbb] DFP_CTN_DUMMY_TRACKER [0xc2][0xbb] ADX_CTN_MensXp_Mweb_Native","clicks":1,"ad_impressions":888,"ad_requests":78099},{"date":"25-03-2018","ad_requests_coverage":0.0,"country_code":"IN","earnings":0.0,"dfp_ad_units":"7176 [0xc2][0xbb] Test_Tracker_CTN [0xc2][0xbb] DFP_CTN_DUMMY_TRACKER [0xc2][0xbb] ADX_CTN_MissKyra_ROS_MAL_Mweb_Native_CTN_1","clicks":0,"ad_impressions":0,"ad_requests":1080},{"date":"25-03-2018","ad_requests_coverage":0.9799,"country_code":"IN","earnings":0.01,"dfp_ad_units":"7176 [0xc2][0xbb] Test_Tracker_CTN [0xc2][0xbb] DFP_CTN_DUMMY_TRACKER [0xc2][0xbb] ADX_CTN_NWP_IOS_Instream_CTN_1","clicks":0,"ad_impressions":66,"ad_requests":299},{"date":"25-03-2018","ad_requests_coverage":0.0,"country_code":"IN","earnings":0.0,"dfp_ad_units":"7176 [0xc2][0xbb] Test_Tracker_CTN [0xc2][0xbb] DFP_CTN_DUMMY_TRACKER [0xc2][0xbb] ADX_CTN_TLG_HP_Mweb_Native_CTN","clicks":0,"ad_impressions":0,"ad_requests":4369},{"date":"25-03-2018","ad_requests_coverage":0.0,"country_code":"IN","earnings":0.0,"dfp_ad_units":"7176 [0xc2][0xbb] Test_Tracker_CTN [0xc2][0xbb] DFP_CTN_DUMMY_TRACKER [0xc2][0xbb] ADX_CTN_TML_HP_Mweb_Native_CTN","clicks":0,"ad_impressions":0,"ad_requests":4982},{"date":"25-03-2018","ad_requests_coverage":0.0,"country_code":"IN","earnings":0.0,"dfp_ad_units":"7176 [0xc2][0xbb] Test_Tracker_CTN [0xc2][0xbb] DFP_CTN_DUMMY_TRACKER [0xc2][0xbb] ADX_CTN_VK_HP_Mweb_Native_CTN","clicks":0,"ad_impressions":0,"ad_requests":29754},{"date":"25-03-2018","ad_requests_coverage":0.4235,"country_code":"IN","earnings":1.34,"dfp_ad_units":"7176 [0xc2][0xbb] Test_Tracker_CTN [0xc2][0xbb] DFP_CTN_DUMMY_TRACKER [0xc2][0xbb] ADX_ET_Mweb_ROS_Inarticle_CTN_NAT_ctn1","clicks":13,"ad_impressions":3165,"ad_requests":7967},{"date":"25-03-2018","ad_requests_coverage":0.197,"country_code":"IN","earnings":1.25,"dfp_ad_units":"7176 [0xc2][0xbb] Test_Tracker_CTN [0xc2][0xbb] DFP_CTN_DUMMY_TRACKER [0xc2][0xbb] ADX_ET_Web_HP_RHS","clicks":2,"ad_impressions":10007,"ad_requests":52503},{"date":"25-03-2018","ad_requests_coverage":0.1113,"country_code":"IN","earnings":0.72,"dfp_ad_units":"7176 [0xc2][0xbb] Test_Tracker_CTN [0xc2][0xbb] DFP_CTN_DUMMY_TRACKER [0xc2][0xbb] ADX_ET_Web_HP_RHS_Text","clicks":5,"ad_impressions":6043,"ad_requests":55608},{"date":"25-03-2018","ad_requests_coverage":0.0807,"country_code":"IN","earnings":0.03,"dfp_ad_units":"7176 [0xc2][0xbb] Test_Tracker_CTN [0xc2][0xbb] DFP_CTN_DUMMY_TRACKER [0xc2][0xbb] ADX_Eisamay_Mweb_VDO_MidArticle_CTN_NAT_1","clicks":2,"ad_impressions":214,"ad_requests":2889},{"date":"25-03-2018","ad_requests_coverage":0.0123,"country_code":"IN","earnings":0.1,"dfp_ad_units":"7176 [0xc2][0xbb] Test_Tracker_CTN [0xc2][0xbb] DFP_CTN_DUMMY_TRACKER [0xc2][0xbb] ADX_Filmipophindi_Mweb_PHTGLY_CTN_NAT_ctn1","clicks":6,"ad_impressions":856,"ad_requests":73524},{"date":"25-03-2018","ad_requests_coverage":0.5751,"country_code":"IN","earnings":0.23,"dfp_ad_units":"7176 [0xc2][0xbb] Test_Tracker_CTN [0xc2][0xbb] DFP_CTN_DUMMY_TRACKER [0xc2][0xbb] ADX_GADGETNOW_MWEB_ROS_VDOADS_CTN_NAT","clicks":2,"ad_impressions":1763,"ad_requests":3243},{"date":"25-03-2018","ad_requests_coverage":0.0081,"country_code":"IN","earnings":0.0,"dfp_ad_units":"7176 [0xc2][0xbb] Test_Tracker_CTN [0xc2][0xbb] DFP_CTN_DUMMY_TRACKER [0xc2][0xbb] ADX_MALSAM_Mweb_VDO_MidArticle_CTN_NAT_1","clicks":0,"ad_impressions":2,"ad_requests":248},{"date":"25-03-2018","ad_requests_coverage":0.0012,"country_code":"IN","earnings":0.0,"dfp_ad_units":"7176 [0xc2][0xbb] Test_Tracker_CTN [0xc2][0xbb] DFP_CTN_DUMMY_TRACKER [0xc2][0xbb] ADX_MT_Mweb_PHT_SLD_CTN_NAT_1","clicks":0,"ad_impressions":3,"ad_requests":2537},{"date":"25-03-2018","ad_requests_coverage":0.0407,"country_code":"IN","earnings":0.07,"dfp_ad_units":"7176 [0xc2][0xbb] Test_Tracker_CTN [0xc2][0xbb] DFP_CTN_DUMMY_TRACKER [0xc2][0xbb] ADX_MT_Mweb_VDO_MidArticle_CTN_NAT_1","clicks":5,"ad_impressions":596,"ad_requests":16639},{"date":"25-03-2018","ad_requests_coverage":0.0133,"country_code":"IN","earnings":0.38,"dfp_ad_units":"7176 [0xc2][0xbb] Test_Tracker_CTN [0xc2][0xbb] DFP_CTN_DUMMY_TRACKER [0xc2][0xbb] ADX_NBT_Mweb_PHT_SLD_CTN_NAT_ctn1","clicks":0,"ad_impressions":1282,"ad_requests":108681},{"date":"25-03-2018","ad_requests_coverage":0.3374,"country_code":"IN","earnings":1.22,"dfp_ad_units":"7176 [0xc2][0xbb] Test_Tracker_CTN [0xc2][0xbb] DFP_CTN_DUMMY_TRACKER [0xc2][0xbb] ADX_NBT_Mweb_VDO_MidArticle_CTN_NAT_ctn1","clicks":45,"ad_impressions":9149,"ad_requests":28842},{"date":"25-03-2018","ad_requests_coverage":0.1069,"country_code":"IN","earnings":0.01,"dfp_ad_units":"7176 [0xc2][0xbb] Test_Tracker_CTN [0xc2][0xbb] DFP_CTN_DUMMY_TRACKER [0xc2][0xbb] ADX_TAMSAM_Mweb_VDO_MidArticle_CTN_NAT_ctn","clicks":0,"ad_impressions":83,"ad_requests":823},{"date":"25-03-2018","ad_requests_coverage":0.1357,"country_code":"IN","earnings":0.01,"dfp_ad_units":"7176 [0xc2][0xbb] Test_Tracker_CTN [0xc2][0xbb] DFP_CTN_DUMMY_TRACKER [0xc2][0xbb] ADX_TELSAM_Mweb_VDO_MidArticle_CTN_NAT_ctn","clicks":0,"ad_impressions":54,"ad_requests":516},{"date":"25-03-2018","ad_requests_coverage":0.1936,"country_code":"IN","earnings":0.44,"dfp_ad_units":"7176 [0xc2][0xbb] Test_Tracker_CTN [0xc2][0xbb] DFP_CTN_DUMMY_TRACKER [0xc2][0xbb] ADX_TOI_Mweb_PHTGLY_Crsl_CTN_NAT_ctn1","clicks":10,"ad_impressions":3318,"ad_requests":18406},{"date":"25-03-2018","ad_requests_coverage":0.3471,"country_code":"IN","earnings":36.44,"dfp_ad_units":"7176 [0xc2][0xbb] Test_Tracker_CTN [0xc2][0xbb] DFP_CTN_DUMMY_TRACKER [0xc2][0xbb] ADX_TOI_Mweb_ROS_AS_Inarticle_CTN_NAT_ctn1","clicks":510,"ad_impressions":103920,"ad_requests":320556},{"date":"25-03-2018","ad_requests_coverage":0.0967,"country_code":"IN","earnings":0.05,"dfp_ad_units":"7176 [0xc2][0xbb] Test_Tracker_CTN [0xc2][0xbb] DFP_CTN_DUMMY_TRACKER [0xc2][0xbb] ADX_VK_Mweb_VDO_MidArticle_CTN_NAT_ctn","clicks":3,"ad_impressions":331,"ad_requests":3631},{"date":"25-03-2018","ad_requests_coverage":0.1558,"country_code":"IN","earnings":0.16,"dfp_ad_units":"7176 [0xc2][0xbb] Test_Tracker_CTN [0xc2][0xbb] DFP_CTN_DUMMY_TRACKER [0xc2][0xbb] CTN_ET_AOS_Adx","clicks":2,"ad_impressions":707,"ad_requests":838980},{"date":"25-03-2018","ad_requests_coverage":0.9677,"country_code":"IN","earnings":0.09,"dfp_ad_units":"7176 [0xc2][0xbb] Test_Tracker_CTN [0xc2][0xbb] DFP_CTN_DUMMY_TRACKER [0xc2][0xbb] CTN_ET_IOS_Adx_1","clicks":3,"ad_impressions":451,"ad_requests":2044},{"date":"25-03-2018","ad_requests_coverage":0.6111,"country_code":"IN","earnings":0.0,"dfp_ad_units":"7176 [0xc2][0xbb] Test_Tracker_CTN [0xc2][0xbb] DFP_CTN_DUMMY_TRACKER [0xc2][0xbb] CTN_Gaana_AOS_ADX","clicks":0,"ad_impressions":12,"ad_requests":4701},{"date":"25-03-2018","ad_requests_coverage":0.7506,"country_code":"IN","earnings":0.09,"dfp_ad_units":"7176 [0xc2][0xbb] Test_Tracker_CTN [0xc2][0xbb] DFP_CTN_DUMMY_TRACKER [0xc2][0xbb] CTN_Gaana_iOS_ADX","clicks":0,"ad_impressions":382,"ad_requests":62966},{"date":"25-03-2018","ad_requests_coverage":0.0701,"country_code":"IN","earnings":0.15,"dfp_ad_units":"7176 [0xc2][0xbb] Test_Tracker_CTN [0xc2][0xbb] DFP_CTN_DUMMY_TRACKER [0xc2][0xbb] CTN_TOI_AOS_Adx_ctn1","clicks":4,"ad_impressions":814,"ad_requests":30025},{"date":"25-03-2018","ad_requests_coverage":0.0631,"country_code":"IN","earnings":0.49,"dfp_ad_units":"7176 [0xc2][0xbb] Test_Tracker_CTN [0xc2][0xbb] DFP_CTN_DUMMY_TRACKER [0xc2][0xbb] ET_MWEB_Adx_CTN_3"
2018-03-27 18:27:25 DEBUG wire:73 - http-outgoing-0 << "00x100[\r][\n]"
2018-03-27 18:27:25 DEBUG wire:73 - http-outgoing-0 << "ca7[\r][\n]"
2018-03-27 18:27:25 DEBUG wire:73 - http-outgoing-0 << "_1","clicks":0,"ad_impressions":2468,"ad_requests":43713},{"date":"25-03-2018","ad_requests_coverage":0.073,"country_code":"IN","earnings":0.86,"dfp_ad_units":"7176 [0xc2][0xbb] Test_Tracker_CTN [0xc2][0xbb] DFP_CTN_DUMMY_TRACKER [0xc2][0xbb] MT_CTN_AOS_ADX","clicks":17,"ad_impressions":4080,"ad_requests":517501},{"date":"25-03-2018","ad_requests_coverage":0.0491,"country_code":"IN","earnings":0.87,"dfp_ad_units":"7176 [0xc2][0xbb] Test_Tracker_CTN [0xc2][0xbb] DFP_CTN_DUMMY_TRACKER [0xc2][0xbb] NBT_CTN_AOS_ADX","clicks":25,"ad_impressions":5160,"ad_requests":739587},{"date":"25-03-2018","ad_requests_coverage":0.0113,"country_code":"IN","earnings":1.55,"dfp_ad_units":"7176 [0xc2][0xbb] Test_Tracker_CTN [0xc2][0xbb] DFP_CTN_DUMMY_TRACKER [0xc2][0xbb] NBT_MWEB_Adx_CTN_300x100_ctn1","clicks":0,"ad_impressions":3690,"ad_requests":401860},{"date":"25-03-2018","ad_requests_coverage":0.66,"country_code":"IN","earnings":1.41,"dfp_ad_units":"7176 [0xc2][0xbb] Test_Tracker_CTN [0xc2][0xbb] DFP_CTN_DUMMY_TRACKER [0xc2][0xbb] NWP_CTN_Native_Adx_Demand","clicks":60,"ad_impressions":7586,"ad_requests":6477120},{"date":"25-03-2018","ad_requests_coverage":1.0,"country_code":"IN","earnings":0.0,"dfp_ad_units":"7176 [0xc2][0xbb] Test_Tracker_CTN [0xc2][0xbb] DFP_CTN_DUMMY_TRACKER [0xc2][0xbb] SpeakingTree_Hindi_mWeb_ROS_VSLD_INS_CTN_NAT","clicks":0,"ad_impressions":4,"ad_requests":4},{"date":"25-03-2018","ad_requests_coverage":0.0084,"country_code":"IN","earnings":0.01,"dfp_ad_units":"7176 [0xc2][0xbb] Test_Tracker_CTN [0xc2][0xbb] DFP_CTN_DUMMY_TRACKER [0xc2][0xbb] TOI_Desktop_HP_RHS_PAD_CTN_NAT_ctn1","clicks":0,"ad_impressions":44,"ad_requests":5611},{"date":"25-03-2018","ad_requests_coverage":0.0368,"country_code":"IN","earnings":7.87,"dfp_ad_units":"7176 [0xc2][0xbb] Test_Tracker_CTN [0xc2][0xbb] DFP_CTN_DUMMY_TRACKER [0xc2][0xbb] TOI_MWEB_Adx_CTN_300x100_HP","clicks":57,"ad_impressions":36044,"ad_requests":1117600},{"date":"25-03-2018","ad_requests_coverage":0.1765,"country_code":"IN","earnings":0.03,"dfp_ad_units":"7176 [0xc2][0xbb] Test_Tracker_CTN [0xc2][0xbb] DFP_CTN_DUMMY_TRACKER [0xc2][0xbb] TOI_MWEB_Top_Adx_CTN_300x100_HP","clicks":0,"ad_impressions":137,"ad_requests":844}],"header":[{"keyspace":"tpdata","table":"adex_adunit_country_daily","name":"date","type":{"name":"TIMESTAMP","frozen":false,"collection":false,"typeArguments":[]}},{"keyspace":"tpdata","table":"adex_adunit_country_daily","name":"country_code","type":{"name":"VARCHAR","frozen":false,"collection":false,"typeArguments":[]}},{"keyspace":"tpdata","table":"adex_adunit_country_daily","name":"dfp_ad_units","type":{"name":"VARCHAR","frozen":false,"collection":false,"typeArguments":[]}},{"keyspace":"tpdata","table":"adex_adunit_country_daily","name":"ad_impressions","type":{"name":"BIGINT","frozen":false,"collection":false,"typeArguments":[]}},{"keyspace":"tpdata","table":"adex_adunit_country_daily","name":"ad_requests","type":{"name":"BIGINT","frozen":false,"collection":false,"typeArguments":[]}},{"keyspace":"tpdata","table":"adex_adunit_country_daily","name":"ad_requests_coverage","type":{"name":"DOUBLE","frozen":false,"collection":false,"typeArguments":[]}},{"keyspace":"tpdata","table":"adex_adunit_country_daily","name":"clicks","type":{"name":"BIGINT","frozen":false,"collection":false,"typeArguments":[]}},{"keyspace":"tpdata","table":"adex_adunit_country_daily","name":"earnings","type":{"name":"DOUBLE","frozen":false,"collection":false,"typeArguments":[]}}]}}[\r][\n]"
2018-03-27 18:27:25 DEBUG wire:73 - http-outgoing-0 << "0[\r][\n]"
2018-03-27 18:27:25 DEBUG wire:73 - http-outgoing-0 << "[\r][\n]"
2018-03-27 18:27:25 DEBUG PoolingHttpClientConnectionManager:320 - Connection [id: 0][route: {}->http://172.29.79.120:8082] can be kept alive indefinitely
2018-03-27 18:27:25 DEBUG PoolingHttpClientConnectionManager:326 - Connection released: [id: 0][route: {}->http://172.29.79.120:8082][total kept alive: 1; route allocated: 1 of 2; total allocated: 1 of 20]
2018-03-27 18:27:25 DEBUG CompareDasRepoCnDimTable:34 -  --------------------- App Adunits missing in DAS report --------------------------
2018-03-27 18:27:25 DEBUG CompareDasRepoCnDimTable:64 -  --------------------- printing adunit from cm_network_dimension table (if not available in DAS Report ) --------------------------
2018-03-27 18:27:25 DEBUG CompareDasRepoCnDimTable:64 -  --------------------- printing adunit from cm_network_dimension table (if not available in DAS Report ) --------------------------
2018-03-27 18:27:25 DEBUG CompareDasRepoCnDimTable:64 -  --------------------- printing adunit from cm_network_dimension table (if not available in DAS Report ) --------------------------
2018-03-27 18:27:25 DEBUG CompareDasRepoCnDimTable:64 -  --------------------- printing adunit from cm_network_dimension table (if not available in DAS Report ) --------------------------
2018-03-27 18:27:25 DEBUG CompareDasRepoCnDimTable:64 -  --------------------- printing adunit from cm_network_dimension table (if not available in DAS Report ) --------------------------
2018-03-27 18:27:25 DEBUG CompareDasRepoCnDimTable:64 -  --------------------- printing adunit from cm_network_dimension table (if not available in DAS Report ) --------------------------
2018-03-27 18:27:25 DEBUG CompareDasRepoCnDimTable:64 -  --------------------- printing adunit from cm_network_dimension table (if not available in DAS Report ) --------------------------
2018-03-27 18:27:25 DEBUG CompareDasRepoCnDimTable:64 -  --------------------- printing adunit from cm_network_dimension table (if not available in DAS Report ) --------------------------
2018-03-27 18:27:25 DEBUG CompareDasRepoCnDimTable:64 -  --------------------- printing adunit from cm_network_dimension table (if not available in DAS Report ) --------------------------
2018-03-27 18:27:25 DEBUG CompareDasRepoCnDimTable:64 -  --------------------- printing adunit from cm_network_dimension table (if not available in DAS Report ) --------------------------
2018-03-27 18:27:25 DEBUG CompareDasRepoCnDimTable:64 -  --------------------- printing adunit from cm_network_dimension table (if not available in DAS Report ) --------------------------
2018-03-27 18:27:25 DEBUG CompareDasRepoCnDimTable:64 -  --------------------- printing adunit from cm_network_dimension table (if not available in DAS Report ) --------------------------
2018-03-27 18:27:25 DEBUG CompareDasRepoCnDimTable:64 -  --------------------- printing adunit from cm_network_dimension table (if not available in DAS Report ) --------------------------
2018-03-27 18:27:25 DEBUG CompareDasRepoCnDimTable:64 -  --------------------- printing adunit from cm_network_dimension table (if not available in DAS Report ) --------------------------
2018-03-27 18:27:25 DEBUG CompareDasRepoCnDimTable:64 -  --------------------- printing adunit from cm_network_dimension table (if not available in DAS Report ) --------------------------
2018-03-27 18:27:25 DEBUG CompareDasRepoCnDimTable:70 - 
-----------Above App Adunit missing in DAS reporting and  below App Adunit missing in DB cm_network_dimension table.----------

2018-03-27 18:27:25 DEBUG CompareDasRepoCnDimTable:87 -  --------------------- printing adunit from DAS Report (if not available in cm_network_dimension table ) --------------------------
2018-03-27 18:27:25 DEBUG CompareDasRepoCnDimTable:90 -  ---------------------- Web-Mweb Adunit Missing in DAS report --------------------
2018-03-27 18:27:25 DEBUG CompareDasRepoCnDimTable:132 -  ---------------------- print adunit from cm_network_dimension table (if not available in DAS Report ) --------------------
2018-03-27 18:27:25 DEBUG CompareDasRepoCnDimTable:153 -  ----------------------print adunit from DAS Report (if not available in cm_network_dimension table )--------------------
2018-03-27 18:27:25 INFO  Main:24 - Execution is ending successfully 
